<?xml version="1.0" encoding="UTF-8"?>
<testng-results ignored="0" total="1" passed="1" failed="0" skipped="0">
  <reporter-output>
  </reporter-output>
  <suite started-at="2026-04-25T09:54:51 MST" name="Surefire suite" finished-at="2026-04-25T09:54:51 MST" duration-ms="199">
    <groups>
    </groups>
    <test started-at="2026-04-25T09:54:51 MST" name="Surefire test" finished-at="2026-04-25T09:54:51 MST" duration-ms="199">
      <class name="Test_Automation.TestFirst">
        <test-method signature="test1()[pri:0, instance:Test_Automation.TestFirst@48fa0f47]" started-at="2026-04-25T09:54:51 MST" name="test1" finished-at="2026-04-25T09:54:51 MST" duration-ms="27" status="PASS">
          <reporter-output>
          </reporter-output>
        </test-method> <!-- test1 -->
      </class> <!-- Test_Automation.TestFirst -->
    </test> <!-- Surefire test -->
  </suite> <!-- Surefire suite -->
</testng-results>
