<?xml version="1.0" encoding="UTF-8"?>
<testng-results ignored="0" total="2" passed="2" failed="0" skipped="0">
  <reporter-output>
  </reporter-output>
  <suite started-at="2026-04-25T10:42:13 MST" name="Default suite" finished-at="2026-04-25T10:42:13 MST" duration-ms="159">
    <groups>
    </groups>
    <test started-at="2026-04-25T10:42:13 MST" name="Default test" finished-at="2026-04-25T10:42:13 MST" duration-ms="159">
      <class name="Test_Automation.TestFirst">
        <test-method signature="test1()[pri:0, instance:Test_Automation.TestFirst@909217e]" started-at="2026-04-25T10:42:13 MST" name="test1" finished-at="2026-04-25T10:42:13 MST" duration-ms="25" status="PASS">
          <reporter-output>
          </reporter-output>
        </test-method> <!-- test1 -->
        <test-method signature="test2()[pri:0, instance:Test_Automation.TestFirst@909217e]" started-at="2026-04-25T10:42:13 MST" name="test2" finished-at="2026-04-25T10:42:13 MST" duration-ms="8" status="PASS">
          <reporter-output>
          </reporter-output>
        </test-method> <!-- test2 -->
      </class> <!-- Test_Automation.TestFirst -->
    </test> <!-- Default test -->
  </suite> <!-- Default suite -->
</testng-results>
