<?xml version="1.0" encoding="UTF-8"?>
<testng-results ignored="0" total="1" passed="1" failed="0" skipped="0">
  <reporter-output>
  </reporter-output>
  <suite started-at="2026-04-29T13:38:29 MST" name="Default suite" finished-at="2026-04-29T13:38:39 MST" duration-ms="10042">
    <groups>
    </groups>
    <test started-at="2026-04-29T13:38:29 MST" name="Default test" finished-at="2026-04-29T13:38:39 MST" duration-ms="10042">
      <class name="testCases.TC01_AccountRegistrationTest">
        <test-method is-config="true" signature="setUp()[pri:0, instance:testCases.TC01_AccountRegistrationTest@385c9627]" started-at="2026-04-29T13:38:29 MST" name="setUp" finished-at="2026-04-29T13:38:34 MST" duration-ms="5674" status="PASS">
          <reporter-output>
          </reporter-output>
        </test-method> <!-- setUp -->
        <test-method signature="verify_account_registration()[pri:0, instance:testCases.TC01_AccountRegistrationTest@385c9627]" started-at="2026-04-29T13:38:35 MST" name="verify_account_registration" finished-at="2026-04-29T13:38:39 MST" duration-ms="4159" status="PASS">
          <reporter-output>
          </reporter-output>
        </test-method> <!-- verify_account_registration -->
        <test-method is-config="true" signature="tearDown()[pri:0, instance:testCases.TC01_AccountRegistrationTest@385c9627]" started-at="2026-04-29T13:38:39 MST" name="tearDown" finished-at="2026-04-29T13:38:39 MST" duration-ms="1" status="PASS">
          <reporter-output>
          </reporter-output>
        </test-method> <!-- tearDown -->
      </class> <!-- testCases.TC01_AccountRegistrationTest -->
    </test> <!-- Default test -->
  </suite> <!-- Default suite -->
</testng-results>
